This is SBCL 2.2.6, an implementation of ANSI Common Lisp.
More information about SBCL is available at <http://www.sbcl.org/>.

SBCL is free software, provided as is, with absolutely no warranty.
It is mostly in the public domain; some portions are provided under
BSD-style licenses.  See the CREDITS and COPYING files in the
distribution for more information.
(ql:quickload "...")
(ql:system-apropos "...")
--- Loaded quicklisp ---
To load "fiveam":
  Load 1 ASDF system:
    fiveam
; Loading "fiveam"

; compiling file "/Users/jeffshrager/Desktop/AIHistory/IPL-V/AntiGravity/iplv.lisp" (written 24 DEC 2025 12:58:17 PM):


; wrote /Users/jeffshrager/Desktop/AIHistory/IPL-V/AntiGravity/iplv.fasl
; compilation finished in 0:00:01.582
WARNING: Cell "M14-9-1" is being added for missing local symbol "9-1"!
WARNING: Cell "M15-9-1" is being added for missing local symbol "9-1"!
WARNING: Cell "M111-9-10" is being added for missing local symbol "9-10"!
*** WARNING: PQ "4" (in ("SEGMENT DELINEATION SUBPROCESS." "" "9-100" "" "4" "J50" "" "" "M112R100")) is ambugious and intepreted as p=0, q=4
*** WARNING: PQ "4" (in ("SEGMENT DELINEATION SUBPROCESS." "" "9-100" "" "4" "J50" "" "" "M112R100")) is ambugious and intepreted as p=0, q=4
*** WARNING: PQ "4" (in ("" "" "9-200" "" "4" "J50" "" "" "M112R300")) is ambugious and intepreted as p=0, q=4
*** WARNING: PQ "4" (in ("" "" "9-200" "" "4" "J50" "" "" "M112R300")) is ambugious and intepreted as p=0, q=4
*** WARNING: PQ "1" (in ("SUBSTITUTION COUNT" "" "K11" "+" "1" "" "    0" "" "K011D000")) is ambugious and intepreted as p=0, q=1
*** WARNING: PQ "1" (in ("SUBSTITUTION COUNT" "" "K11" "+" "1" "" "    0" "" "K011D000")) is ambugious and intepreted as p=0, q=1
*** WARNING: PQ "1" (in ("EFFORT BASE AND TOTAL" "" "K12" "+" "1" "" "0" "" "K012D000")) is ambugious and intepreted as p=0, q=1
*** WARNING: PQ "1" (in ("EFFORT BASE AND TOTAL" "" "K12" "+" "1" "" "0" "" "K012D000")) is ambugious and intepreted as p=0, q=1
*** WARNING: PQ "3" (in ("X19 MINOTOR POINT FORCER." "" "X19" "" "3" "J0" "0" "" "X019R000")) is ambugious and intepreted as p=0, q=3
*** WARNING: PQ "3" (in ("X19 MINOTOR POINT FORCER." "" "X19" "" "3" "J0" "0" "" "X019R000")) is ambugious and intepreted as p=0, q=3
:::::::::::::::::::::::::::::::: 1.01    (AIB).=.(-AVB) EF.                                                      
:::::::::::::::::::::::::::::::: 2.33    (AV(BVC)).=.((AVB)VC) EF.                                               
:::::::::::::::::::::::::::::::: 3.01    (A*B).=.(-(-AV-B)) EF.                                                  
:::::::::::::::::::::::::::::::: 4.01    (A=B).=.((AIB)*(BIA)) EF.                                               
:::::::::::::::::::::::::::::::: 1.2     (AVA)IA                                                                 
:::::::::::::::::::::::::::::::: 1.3     BI(AVB)                                                                 
:::::::::::::::::::::::::::::::: 1.4     (AVB)I(BVA)                                                             
:::::::::::::::::::::::::::::::: 1.5     (AV(BVC))I(BV(AVC))                                                     
:::::::::::::::::::::::::::::::: 1.6     (BIC)I((AVB)I(AVC))                                                     
::::::::::::::::::::::::::::::::                                                                                 
::::::::::::::::::::::::::::::::                                                                                 
:::::::::::::::::::::::::::::::: 2.07    (PVP)IP                                                                 
:::::::::::::::::::::::::::::::: 2.01    (PI-P)I-P                                                               
:::::::::::::::::::::::::::::::: 2.02    QI(PIQ)                                                                 
:::::::::::::::::::::::::::::::: 2.03    (PI-Q)I(QI-P)                                                           
:::::::::::::::::::::::::::::::: 2.04    (PI(QIR))I(QI(PIR))                                                     
:::::::::::::::::::::::::::::::: 2.05    (QIR)I((PIQ)I(PIR))                                                     
:::::::::::::::::::::::::::::::: 2.06    (PIQ)I((QIR)I(PIR))                                                     
:::::::::::::::::::::::::::::::: TO PROVE                                                                        
:::::::::::::::::::::::::::::::: 2.07    (PVP)IP                                                                 
:::::::::::::::::::::::::::::::: NO PROOF FOUND                                                                  
::::::::::::::::::::::::::::::::                                                                                 
::::::::::::::::::::::::::::::::                                                                                 
:::::::::::::::::::::::::::::::: EFFORT              LIMIT 20            ACTUAL                                  
:::::::::::::::::::::::::::::::: SUBPROBLEMS         LIMIT               ACTUAL                                  
:::::::::::::::::::::::::::::::: SUBSTITUTIONS       LIMIT               ACTUAL                                  
:::::::::::::::::::::::::::::::: TO PROVE                                                                        
:::::::::::::::::::::::::::::::: 2.01    (PI-P)I-P                                                               
::::::::::::::::::::::::::::::::            .0   ((PVP))VP                *101,0 REPLACEMENT                     
:::::::::::::::::::::::::::::::: NO PROOF FOUND                                                                  
::::::::::::::::::::::::::::::::                                                                                 
::::::::::::::::::::::::::::::::                                                                                 
:::::::::::::::::::::::::::::::: EFFORT              LIMIT 20            ACTUAL                                  
:::::::::::::::::::::::::::::::: SUBPROBLEMS         LIMIT               ACTUAL                                  
:::::::::::::::::::::::::::::::: SUBSTITUTIONS       LIMIT               ACTUAL                                  
:::::::::::::::::::::::::::::::: TO PROVE                                                                        
:::::::::::::::::::::::::::::::: 2.02    QI(PIQ)                                                                 
:::::::::::::::::::::::::::::::: NO PROOF FOUND                                                                  
::::::::::::::::::::::::::::::::                                                                                 
::::::::::::::::::::::::::::::::                                                                                 
:::::::::::::::::::::::::::::::: EFFORT              LIMIT 20            ACTUAL                                  
:::::::::::::::::::::::::::::::: SUBPROBLEMS         LIMIT               ACTUAL                                  
:::::::::::::::::::::::::::::::: SUBSTITUTIONS       LIMIT               ACTUAL                                  
:::::::::::::::::::::::::::::::: TO PROVE                                                                        
:::::::::::::::::::::::::::::::: 2.03    (PI-Q)I(QI-P)                                                           
:::::::::::::::::::::::::::::::: NO PROOF FOUND                                                                  
::::::::::::::::::::::::::::::::                                                                                 
::::::::::::::::::::::::::::::::                                                                                 
:::::::::::::::::::::::::::::::: EFFORT              LIMIT 20            ACTUAL                                  
:::::::::::::::::::::::::::::::: SUBPROBLEMS         LIMIT               ACTUAL                                  
:::::::::::::::::::::::::::::::: SUBSTITUTIONS       LIMIT               ACTUAL                                  
:::::::::::::::::::::::::::::::: TO PROVE                                                                        
:::::::::::::::::::::::::::::::: 2.04    (PI(QIR))I(QI(PIR))                                                     
:::::::::::::::::::::::::::::::: NO PROOF FOUND                                                                  
::::::::::::::::::::::::::::::::                                                                                 
::::::::::::::::::::::::::::::::                                                                                 
:::::::::::::::::::::::::::::::: EFFORT              LIMIT 20            ACTUAL                                  
:::::::::::::::::::::::::::::::: SUBPROBLEMS         LIMIT               ACTUAL                                  
:::::::::::::::::::::::::::::::: SUBSTITUTIONS       LIMIT               ACTUAL                                  
:::::::::::::::::::::::::::::::: TO PROVE                                                                        
:::::::::::::::::::::::::::::::: 2.05    (QIR)I((PIQ)I(PIR))                                                     
:::::::::::::::::::::::::::::::: NO PROOF FOUND                                                                  
::::::::::::::::::::::::::::::::                                                                                 
::::::::::::::::::::::::::::::::                                                                                 
:::::::::::::::::::::::::::::::: EFFORT              LIMIT 20            ACTUAL                                  
:::::::::::::::::::::::::::::::: SUBPROBLEMS         LIMIT               ACTUAL                                  
:::::::::::::::::::::::::::::::: SUBSTITUTIONS       LIMIT               ACTUAL                                  
:::::::::::::::::::::::::::::::: TO PROVE                                                                        
:::::::::::::::::::::::::::::::: 2.06    (PIQ)I((QIR)I(PIR))                                                     
:::::::::::::::::::::::::::::::: NO PROOF FOUND                                                                  
::::::::::::::::::::::::::::::::                                                                                 
::::::::::::::::::::::::::::::::                                                                                 
:::::::::::::::::::::::::::::::: EFFORT              LIMIT 20            ACTUAL                                  
:::::::::::::::::::::::::::::::: SUBPROBLEMS         LIMIT               ACTUAL                                  
:::::::::::::::::::::::::::::::: SUBSTITUTIONS       LIMIT               ACTUAL                                  
